<?xml version="1.0" encoding="UTF-8"?>
<!-- Generated by org.testng.reporters.JUnitReportReporter -->
<testsuite hostname="DESKTOP-UJR729K" failures="0" tests="3" name="com.selenium.testng.CrossBrowser" time="38.854" errors="0" timestamp="29 Nov 2020 16:36:04 GMT" skipped="0">
  <testcase classname="com.selenium.testng.CrossBrowser" name="chrome" time="11.185"/>
  <testcase classname="com.selenium.testng.CrossBrowser" name="firefox" time="13.979"/>
  <testcase classname="com.selenium.testng.CrossBrowser" name="edge" time="13.690"/>
</testsuite> <!-- com.selenium.testng.CrossBrowser -->
