<?xml version="1.0" encoding="UTF-8"?>
<!-- Generated by org.testng.reporters.JUnitReportReporter -->
<testsuite skipped="0" hostname="DESKTOP-UJR729K" name="com.selenium.datadriven.DataDriven_DataProvider" tests="3" failures="0" timestamp="08 Nov 2020 11:05:09 GMT" time="26.592" errors="0">
  <testcase name="fdAmount" time="4.163" classname="com.selenium.datadriven.DataDriven_DataProvider"/>
  <testcase name="fdAmount" time="4.751" classname="com.selenium.datadriven.DataDriven_DataProvider"/>
  <testcase name="fdAmount" time="17.678" classname="com.selenium.datadriven.DataDriven_DataProvider"/>
</testsuite> <!-- com.selenium.datadriven.DataDriven_DataProvider -->
