<?xml version="1.0" encoding="UTF-8"?>
<!-- Generated by org.testng.reporters.JUnitReportReporter -->
<testsuite skipped="0" hostname="DESKTOP-UJR729K" name="com.selenium.testng.CrossBrowser_webdrivermanager" tests="3" failures="0" timestamp="18 Oct 2020 03:11:06 GMT" time="88.113" errors="0">
  <testcase name="chrome" time="23.833" classname="com.selenium.testng.CrossBrowser_webdrivermanager"/>
  <testcase name="firefox" time="28.821" classname="com.selenium.testng.CrossBrowser_webdrivermanager"/>
  <testcase name="edge" time="35.459" classname="com.selenium.testng.CrossBrowser_webdrivermanager"/>
</testsuite> <!-- com.selenium.testng.CrossBrowser_webdrivermanager -->
