<?xml version="1.0" encoding="UTF-8"?>
<!-- Generated by org.testng.reporters.JUnitReportReporter -->
<testsuite skipped="0" hostname="DESKTOP-UJR729K" name="com.selenium.testng.HardAssertCode" tests="2" failures="0" timestamp="17 Oct 2020 04:47:40 GMT" time="8.371" errors="0">
  <testcase name="loginAdmin" time="6.708" classname="com.selenium.testng.HardAssertCode"/>
  <testcase name="logoutAdmin" time="1.663" classname="com.selenium.testng.HardAssertCode"/>
</testsuite> <!-- com.selenium.testng.HardAssertCode -->
