<?xml version="1.0" encoding="UTF-8"?>
<!-- Generated by org.testng.reporters.JUnitReportReporter -->
<testsuite skipped="0" hostname="DESKTOP-UJR729K" name="com.selenium.keyworddriven.FDTestCase" tests="1" failures="0" timestamp="07 Nov 2020 10:52:03 GMT" time="10.872" errors="0">
  <testcase name="fdAmount" time="10.872" classname="com.selenium.keyworddriven.FDTestCase"/>
</testsuite> <!-- com.selenium.keyworddriven.FDTestCase -->
