<?xml version="1.0" encoding="UTF-8"?>
<!-- Generated by org.testng.reporters.JUnitReportReporter -->
<testsuite hostname="DESKTOP-UJR729K" failures="0" tests="2" name="com.selenium.testng.LoginTC" time="21.144" errors="0" timestamp="29 Nov 2020 16:36:04 GMT" skipped="0">
  <testcase classname="com.selenium.testng.LoginTC" name="loginTestUser" time="17.199"/>
  <testcase classname="com.selenium.testng.LoginTC" name="loginAdmin" time="3.945"/>
</testsuite> <!-- com.selenium.testng.LoginTC -->
