<?xml version="1.0" encoding="UTF-8"?>
<!-- Generated by org.testng.reporters.JUnitReportReporter -->
<testsuite skipped="0" hostname="DESKTOP-UJR729K" name="com.selenium.testng.TakeScreenShot12" tests="1" failures="0" timestamp="01 Nov 2020 03:58:32 GMT" time="2.716" errors="0">
  <testcase name="f" time="2.716" classname="com.selenium.testng.TakeScreenShot12"/>
</testsuite> <!-- com.selenium.testng.TakeScreenShot12 -->
