<?xml version="1.0" encoding="UTF-8"?>
<!-- Generated by org.testng.reporters.JUnitReportReporter -->
<testsuite skipped="0" hostname="DESKTOP-UJR729K" name="com.selenium.datadriven.FD_DataDriven" tests="1" failures="0" timestamp="08 Nov 2020 10:42:50 GMT" time="26.621" errors="0">
  <testcase name="fdAmount1" time="26.621" classname="com.selenium.datadriven.FD_DataDriven"/>
</testsuite> <!-- com.selenium.datadriven.FD_DataDriven -->
