<?xml version="1.0" encoding="UTF-8"?>
<!-- Generated by org.testng.reporters.JUnitReportReporter -->
<testsuite hostname="DESKTOP-UJR729K" failures="0" tests="2" name="com.selenium.testng.LoginTC_dependson" time="12.563" errors="0" timestamp="29 Nov 2020 16:36:04 GMT" skipped="0">
  <testcase classname="com.selenium.testng.LoginTC_dependson" name="loginAdmin" time="9.219"/>
  <testcase classname="com.selenium.testng.LoginTC_dependson" name="logoutTestUser" time="3.344"/>
</testsuite> <!-- com.selenium.testng.LoginTC_dependson -->
