<?xml version="1.0" encoding="UTF-8"?>
<!-- Generated by org.testng.reporters.JUnitReportReporter -->
<testsuite skipped="0" hostname="DESKTOP-UJR729K" name="com.selenium.webobject.CrossBrowser_Dim" tests="3" failures="0" timestamp="18 Oct 2020 04:55:45 GMT" time="41.605" errors="0">
  <testcase name="chrome" time="11.220" classname="com.selenium.webobject.CrossBrowser_Dim"/>
  <testcase name="firefox" time="16.302" classname="com.selenium.webobject.CrossBrowser_Dim"/>
  <testcase name="edge" time="14.083" classname="com.selenium.webobject.CrossBrowser_Dim"/>
</testsuite> <!-- com.selenium.webobject.CrossBrowser_Dim -->
