<?xml version="1.0" encoding="UTF-8"?>
<!-- Generated by org.testng.reporters.JUnitReportReporter -->
<testsuite hostname="DESKTOP-UJR729K" failures="0" tests="2" name="com.selenium.testng.LoginTC" time="19.728" errors="0" timestamp="29 Nov 2020 16:47:21 GMT" skipped="0">
  <testcase classname="com.selenium.testng.LoginTC" name="loginTestUser" time="14.741"/>
  <testcase classname="com.selenium.testng.LoginTC" name="loginAdmin" time="4.987"/>
</testsuite> <!-- com.selenium.testng.LoginTC -->
